Base path: C:/Program Files/Unity/Editor/Data
Cmd: initializeCompiler
Cmd: compileComputeKernel
  api=4 insize=5188 outsize=4101 ok=1
Cmd: compileComputeKernel
  api=4 insize=9421 outsize=8765 ok=1
Cmd: compileComputeKernel
  api=4 insize=9421 outsize=8909 ok=1
Cmd: compileComputeKernel
  error: 2 plat 4 at TexturePadding.compute(1): failed to open source file: 'CoreRP/ShaderLibrary/Common.hlsl'
  api=4 insize=1470 outsize=0 ok=0
Cmd: compileComputeKernel
  api=4 insize=1864 outsize=1389 ok=1
Cmd: compileComputeKernel
  api=4 insize=654 outsize=573 ok=1
Cmd: compileComputeKernel
  error: 2 plat 4 at EncodeBC6H.compute(1): failed to open source file: 'CoreRP/ShaderLibrary/Common.hlsl'
  api=4 insize=1478 outsize=0 ok=0
Cmd: compileComputeKernel
  api=4 insize=1505 outsize=597 ok=1
Cmd: compileComputeKernel
  error: 2 plat 4 at ShadowBlurMoments.compute(80): failed to open source file: 'CoreRP/ShaderLibrary/Common.hlsl'
  api=4 insize=16784 outsize=0 ok=0
Cmd: compileComputeKernel
  error: 2 plat 4 at ShadowBlurMoments.compute(80): failed to open source file: 'CoreRP/ShaderLibrary/Common.hlsl'
  api=4 insize=16784 outsize=0 ok=0
Cmd: compileComputeKernel
  error: 2 plat 4 at ShadowBlurMoments.compute(80): failed to open source file: 'CoreRP/ShaderLibrary/Common.hlsl'
  api=4 insize=16784 outsize=0 ok=0
Cmd: compileComputeKernel
  error: 2 plat 4 at ShadowBlurMoments.compute(80): failed to open source file: 'CoreRP/ShaderLibrary/Common.hlsl'
  api=4 insize=16784 outsize=0 ok=0
Cmd: compileComputeKernel
  error: 2 plat 4 at ShadowBlurMoments.compute(80): failed to open source file: 'CoreRP/ShaderLibrary/Common.hlsl'
  api=4 insize=16784 outsize=0 ok=0
Cmd: compileComputeKernel
  error: 2 plat 4 at ShadowBlurMoments.compute(80): failed to open source file: 'CoreRP/ShaderLibrary/Common.hlsl'
  api=4 insize=16784 outsize=0 ok=0
Cmd: compileComputeKernel
  error: 2 plat 4 at ShadowBlurMoments.compute(80): failed to open source file: 'CoreRP/ShaderLibrary/Common.hlsl'
  api=4 insize=16784 outsize=0 ok=0
Cmd: compileComputeKernel
  error: 2 plat 4 at ShadowBlurMoments.compute(80): failed to open source file: 'CoreRP/ShaderLibrary/Common.hlsl'
  api=4 insize=16784 outsize=0 ok=0
Cmd: compileComputeKernel
  error: 2 plat 4 at ShadowBlurMoments.compute(80): failed to open source file: 'CoreRP/ShaderLibrary/Common.hlsl'
  api=4 insize=16784 outsize=0 ok=0
Cmd: compileComputeKernel
  error: 2 plat 4 at ShadowBlurMoments.compute(80): failed to open source file: 'CoreRP/ShaderLibrary/Common.hlsl'
  api=4 insize=16784 outsize=0 ok=0
Cmd: compileComputeKernel
  error: 2 plat 4 at ShadowBlurMoments.compute(80): failed to open source file: 'CoreRP/ShaderLibrary/Common.hlsl'
  api=4 insize=16784 outsize=0 ok=0
Cmd: compileComputeKernel
  error: 2 plat 4 at ShadowBlurMoments.compute(80): failed to open source file: 'CoreRP/ShaderLibrary/Common.hlsl'
  api=4 insize=16784 outsize=0 ok=0
Cmd: compileComputeKernel
  error: 2 plat 4 at ShadowBlurMoments.compute(80): failed to open source file: 'CoreRP/ShaderLibrary/Common.hlsl'
  api=4 insize=16784 outsize=0 ok=0
Cmd: compileComputeKernel
  error: 2 plat 4 at ShadowBlurMoments.compute(80): failed to open source file: 'CoreRP/ShaderLibrary/Common.hlsl'
  api=4 insize=16784 outsize=0 ok=0
Cmd: compileComputeKernel
  error: 2 plat 4 at ShadowBlurMoments.compute(80): failed to open source file: 'CoreRP/ShaderLibrary/Common.hlsl'
  api=4 insize=16784 outsize=0 ok=0
Cmd: compileComputeKernel
  error: 2 plat 4 at ShadowBlurMoments.compute(80): failed to open source file: 'CoreRP/ShaderLibrary/Common.hlsl'
  api=4 insize=16784 outsize=0 ok=0
Cmd: compileComputeKernel
  error: 2 plat 4 at ShadowBlurMoments.compute(80): failed to open source file: 'CoreRP/ShaderLibrary/Common.hlsl'
  api=4 insize=16784 outsize=0 ok=0
Cmd: compileComputeKernel
  error: 2 plat 4 at ShadowBlurMoments.compute(80): failed to open source file: 'CoreRP/ShaderLibrary/Common.hlsl'
  api=4 insize=16784 outsize=0 ok=0
Cmd: compileComputeKernel
  error: 2 plat 4 at ShadowBlurMoments.compute(80): failed to open source file: 'CoreRP/ShaderLibrary/Common.hlsl'
  api=4 insize=16784 outsize=0 ok=0
Cmd: initializeCompiler
Cmd: initializeCompiler
Cmd: compileComputeKernel
  api=4 insize=16784 outsize=4729 ok=1
Cmd: compileComputeKernel
  api=4 insize=16784 outsize=6121 ok=1
Cmd: compileComputeKernel
  api=4 insize=16784 outsize=5233 ok=1
Cmd: compileComputeKernel
  api=4 insize=16784 outsize=6313 ok=1
Cmd: compileComputeKernel
  api=4 insize=16784 outsize=7397 ok=1
Cmd: compileComputeKernel
  api=4 insize=16784 outsize=8469 ok=1
Cmd: compileComputeKernel
  api=4 insize=16784 outsize=6805 ok=1
Cmd: compileComputeKernel
  api=4 insize=16784 outsize=7789 ok=1
Cmd: compileComputeKernel
  api=4 insize=16784 outsize=9757 ok=1
Cmd: compileComputeKernel
  api=4 insize=16784 outsize=7261 ok=1
Cmd: compileComputeKernel
  api=4 insize=16784 outsize=8269 ok=1
Cmd: compileComputeKernel
  api=4 insize=16784 outsize=7765 ok=1
Cmd: compileComputeKernel
  api=4 insize=16784 outsize=8849 ok=1
Cmd: compileComputeKernel
  api=4 insize=16784 outsize=9941 ok=1
Cmd: compileComputeKernel
  api=4 insize=16784 outsize=8277 ok=1
Cmd: compileComputeKernel
  api=4 insize=16784 outsize=9261 ok=1
Cmd: compileComputeKernel
  api=4 insize=16784 outsize=11229 ok=1
Cmd: initializeCompiler
Cmd: initializeCompiler
Cmd: initializeCompiler
Cmd: initializeCompiler
Cmd: initializeCompiler
Cmd: initializeCompiler
Cmd: initializeCompiler
Cmd: initializeCompiler
Cmd: initializeCompiler
Cmd: initializeCompiler
Cmd: compileComputeKernel
  api=18 insize=2134 outsize=5741 ok=1
Cmd: compileComputeKernel
  api=18 insize=2863 outsize=198945 ok=1
Cmd: compileComputeKernel
  api=4 insize=7524 outsize=9677 ok=1
Cmd: compileComputeKernel
  api=9 insize=5188 outsize=17337 ok=1
Cmd: compileComputeKernel
  api=4 insize=5188 outsize=3733 ok=1
Cmd: compileComputeKernel
  api=4 insize=5188 outsize=9129 ok=1
Cmd: compileComputeKernel
  api=18 insize=2444 outsize=10193 ok=1
Cmd: compileComputeKernel
  api=18 insize=9421 outsize=34341 ok=1
Cmd: compileComputeKernel
  api=4 insize=9421 outsize=8529 ok=1
Cmd: compileComputeKernel
  api=4 insize=9421 outsize=8909 ok=1
Cmd: compileComputeKernel
  api=18 insize=1470 outsize=1789 ok=1
Cmd: compileComputeKernel
  api=18 insize=5591 outsize=25001 ok=1
Cmd: compileComputeKernel
  api=18 insize=2953 outsize=1237 ok=1
Cmd: compileComputeKernel
  api=4 insize=2953 outsize=353 ok=1
Cmd: compileComputeKernel
  api=18 insize=1864 outsize=2485 ok=1
Cmd: compileComputeKernel
  api=18 insize=654 outsize=2141 ok=1
Cmd: compileComputeKernel
  api=4 insize=654 outsize=573 ok=1
Cmd: compileComputeKernel
  api=18 insize=1505 outsize=2333 ok=1
Cmd: compileComputeKernel
  api=4 insize=1505 outsize=597 ok=1
Cmd: compileComputeKernel
  api=18 insize=1697 outsize=4077 ok=1
Cmd: compileComputeKernel
  api=18 insize=16784 outsize=18873 ok=1
Cmd: compileComputeKernel
  api=18 insize=16784 outsize=25017 ok=1
Cmd: compileComputeKernel
  api=18 insize=16784 outsize=20357 ok=1
Cmd: compileComputeKernel
  api=18 insize=16784 outsize=25089 ok=1
Cmd: compileComputeKernel
  api=18 insize=16784 outsize=29309 ok=1
Cmd: compileComputeKernel
  api=18 insize=16784 outsize=32485 ok=1
Cmd: compileComputeKernel
  api=18 insize=16784 outsize=25929 ok=1
Cmd: compileComputeKernel
  api=18 insize=16784 outsize=29881 ok=1
Cmd: compileComputeKernel
  api=18 insize=16784 outsize=37393 ok=1
Cmd: compileComputeKernel
  api=18 insize=16784 outsize=28837 ok=1
Cmd: compileComputeKernel
  api=18 insize=16784 outsize=32945 ok=1
Cmd: compileComputeKernel
  api=18 insize=16784 outsize=30173 ok=1
Cmd: compileComputeKernel
  api=18 insize=16784 outsize=34461 ok=1
Cmd: compileComputeKernel
  api=18 insize=16784 outsize=36705 ok=1
Cmd: compileComputeKernel
  api=18 insize=16784 outsize=30481 ok=1
Cmd: compileComputeKernel
  api=18 insize=16784 outsize=34409 ok=1
Cmd: compileComputeKernel
  api=18 insize=16784 outsize=41921 ok=1
Cmd: compileComputeKernel
  api=4 insize=16784 outsize=5809 ok=1
Cmd: compileComputeKernel
  api=4 insize=16784 outsize=6817 ok=1
Cmd: compileComputeKernel
  api=4 insize=16784 outsize=5617 ok=1
Cmd: compileComputeKernel
  api=4 insize=16784 outsize=6625 ok=1
Cmd: compileComputeKernel
  api=4 insize=16784 outsize=6501 ok=1
Cmd: compileComputeKernel
  api=4 insize=16784 outsize=8013 ok=1
Cmd: compileComputeKernel
  api=4 insize=16784 outsize=9673 ok=1
Cmd: compileComputeKernel
  api=4 insize=16784 outsize=9757 ok=1
Cmd: compileComputeKernel
  api=4 insize=16784 outsize=7261 ok=1
Cmd: compileComputeKernel
  api=4 insize=16784 outsize=8345 ok=1
Cmd: compileComputeKernel
  api=4 insize=16784 outsize=8077 ok=1
Cmd: compileComputeKernel
  api=4 insize=16784 outsize=7973 ok=1
Cmd: compileComputeKernel
  api=4 insize=16784 outsize=9485 ok=1
Cmd: compileComputeKernel
  api=4 insize=16784 outsize=11145 ok=1
Cmd: compileComputeKernel
  api=4 insize=16784 outsize=10773 ok=1
