Base path: C:/Program Files/Unity/Editor/Data
Cmd: initializeCompiler
Cmd: compileComputeKernel
  api=4 insize=2134 outsize=1517 ok=1
Cmd: compileComputeKernel
  api=4 insize=5188 outsize=5397 ok=1
Cmd: compileComputeKernel
  api=4 insize=2444 outsize=2561 ok=1
Cmd: compileComputeKernel
  api=4 insize=9421 outsize=8665 ok=1
Cmd: compileComputeKernel
  error: 2 plat 4 at TexturePadding.compute(1): failed to open source file: 'CoreRP/ShaderLibrary/Common.hlsl'
  api=4 insize=1470 outsize=0 ok=0
Cmd: compileComputeKernel
  api=4 insize=2953 outsize=353 ok=1
Cmd: compileComputeKernel
  error: 2 plat 4 at ShadowBlurMoments.compute(80): failed to open source file: 'CoreRP/ShaderLibrary/Common.hlsl'
  api=4 insize=16784 outsize=0 ok=0
Cmd: compileComputeKernel
  error: 2 plat 4 at ShadowBlurMoments.compute(80): failed to open source file: 'CoreRP/ShaderLibrary/Common.hlsl'
  api=4 insize=16784 outsize=0 ok=0
Cmd: compileComputeKernel
  error: 2 plat 4 at ShadowBlurMoments.compute(80): failed to open source file: 'CoreRP/ShaderLibrary/Common.hlsl'
  api=4 insize=16784 outsize=0 ok=0
Cmd: compileComputeKernel
  error: 2 plat 4 at ShadowBlurMoments.compute(80): failed to open source file: 'CoreRP/ShaderLibrary/Common.hlsl'
  api=4 insize=16784 outsize=0 ok=0
Cmd: compileComputeKernel
  error: 2 plat 4 at ShadowBlurMoments.compute(80): failed to open source file: 'CoreRP/ShaderLibrary/Common.hlsl'
  api=4 insize=16784 outsize=0 ok=0
Cmd: compileComputeKernel
  error: 2 plat 4 at ShadowBlurMoments.compute(80): failed to open source file: 'CoreRP/ShaderLibrary/Common.hlsl'
  api=4 insize=16784 outsize=0 ok=0
Cmd: compileComputeKernel
  error: 2 plat 4 at ShadowBlurMoments.compute(80): failed to open source file: 'CoreRP/ShaderLibrary/Common.hlsl'
  api=4 insize=16784 outsize=0 ok=0
Cmd: compileComputeKernel
  error: 2 plat 4 at ShadowBlurMoments.compute(80): failed to open source file: 'CoreRP/ShaderLibrary/Common.hlsl'
  api=4 insize=16784 outsize=0 ok=0
Cmd: compileComputeKernel
  error: 2 plat 4 at ShadowBlurMoments.compute(80): failed to open source file: 'CoreRP/ShaderLibrary/Common.hlsl'
  api=4 insize=16784 outsize=0 ok=0
Cmd: compileComputeKernel
  error: 2 plat 4 at ShadowBlurMoments.compute(80): failed to open source file: 'CoreRP/ShaderLibrary/Common.hlsl'
  api=4 insize=16784 outsize=0 ok=0
Cmd: compileComputeKernel
  error: 2 plat 4 at ShadowBlurMoments.compute(80): failed to open source file: 'CoreRP/ShaderLibrary/Common.hlsl'
  api=4 insize=16784 outsize=0 ok=0
Cmd: compileComputeKernel
  error: 2 plat 4 at ShadowBlurMoments.compute(80): failed to open source file: 'CoreRP/ShaderLibrary/Common.hlsl'
  api=4 insize=16784 outsize=0 ok=0
Cmd: compileComputeKernel
  error: 2 plat 4 at ShadowBlurMoments.compute(80): failed to open source file: 'CoreRP/ShaderLibrary/Common.hlsl'
  api=4 insize=16784 outsize=0 ok=0
Cmd: compileComputeKernel
  error: 2 plat 4 at ShadowBlurMoments.compute(80): failed to open source file: 'CoreRP/ShaderLibrary/Common.hlsl'
  api=4 insize=16784 outsize=0 ok=0
Cmd: compileComputeKernel
  error: 2 plat 4 at ShadowBlurMoments.compute(80): failed to open source file: 'CoreRP/ShaderLibrary/Common.hlsl'
  api=4 insize=16784 outsize=0 ok=0
Cmd: compileComputeKernel
  error: 2 plat 4 at ShadowBlurMoments.compute(80): failed to open source file: 'CoreRP/ShaderLibrary/Common.hlsl'
  api=4 insize=16784 outsize=0 ok=0
Cmd: compileComputeKernel
  error: 2 plat 4 at ShadowBlurMoments.compute(80): failed to open source file: 'CoreRP/ShaderLibrary/Common.hlsl'
  api=4 insize=16784 outsize=0 ok=0
Cmd: compileComputeKernel
  error: 2 plat 4 at ShadowBlurMoments.compute(80): failed to open source file: 'CoreRP/ShaderLibrary/Common.hlsl'
  api=4 insize=16784 outsize=0 ok=0
Cmd: initializeCompiler
Cmd: initializeCompiler
Cmd: compileComputeKernel
  api=4 insize=1470 outsize=561 ok=1
Cmd: compileComputeKernel
  api=4 insize=1478 outsize=16105 ok=1
Cmd: compileComputeKernel
  api=4 insize=16784 outsize=5425 ok=1
Cmd: compileComputeKernel
  api=4 insize=16784 outsize=6817 ok=1
Cmd: compileComputeKernel
  api=4 insize=16784 outsize=5929 ok=1
Cmd: compileComputeKernel
  api=4 insize=16784 outsize=7321 ok=1
Cmd: compileComputeKernel
  api=4 insize=16784 outsize=7485 ok=1
Cmd: compileComputeKernel
  api=4 insize=16784 outsize=9453 ok=1
Cmd: compileComputeKernel
  api=4 insize=16784 outsize=8317 ok=1
Cmd: compileComputeKernel
  api=4 insize=16784 outsize=9977 ok=1
Cmd: compileComputeKernel
  api=4 insize=16784 outsize=8345 ok=1
Cmd: compileComputeKernel
  api=4 insize=16784 outsize=8461 ok=1
Cmd: compileComputeKernel
  api=4 insize=16784 outsize=8501 ok=1
Cmd: compileComputeKernel
  api=4 insize=16784 outsize=10469 ok=1
Cmd: compileComputeKernel
  api=4 insize=16784 outsize=8805 ok=1
Cmd: compileComputeKernel
  api=4 insize=16784 outsize=10245 ok=1
Cmd: initializeCompiler
Cmd: initializeCompiler
Cmd: initializeCompiler
Cmd: initializeCompiler
Cmd: initializeCompiler
Cmd: initializeCompiler
Cmd: initializeCompiler
Cmd: initializeCompiler
Cmd: initializeCompiler
Cmd: initializeCompiler
Cmd: compileComputeKernel
  api=4 insize=2134 outsize=1517 ok=1
Cmd: compileComputeKernel
  api=4 insize=2134 outsize=349 ok=1
Cmd: compileComputeKernel
  api=4 insize=812 outsize=829 ok=1
Cmd: compileComputeKernel
  api=4 insize=2863 outsize=47805 ok=1
Cmd: compileComputeKernel
  api=4 insize=2863 outsize=48145 ok=1
Cmd: compileComputeKernel
  api=18 insize=7524 outsize=40721 ok=1
Cmd: compileComputeKernel
  api=9 insize=5188 outsize=8153 ok=1
Cmd: compileComputeKernel
  api=18 insize=5188 outsize=36449 ok=1
Cmd: compileComputeKernel
  api=4 insize=2444 outsize=2561 ok=1
Cmd: compileComputeKernel
  api=18 insize=9421 outsize=33901 ok=1
Cmd: compileComputeKernel
  api=4 insize=9421 outsize=8665 ok=1
Cmd: compileComputeKernel
  api=4 insize=9421 outsize=8765 ok=1
Cmd: compileComputeKernel
  api=18 insize=1470 outsize=1673 ok=1
Cmd: compileComputeKernel
  api=4 insize=5591 outsize=6445 ok=1
Cmd: compileComputeKernel
  api=4 insize=2953 outsize=1329 ok=1
Cmd: compileComputeKernel
  api=4 insize=1864 outsize=1389 ok=1
Cmd: compileComputeKernel
  api=18 insize=654 outsize=2069 ok=1
Cmd: compileComputeKernel
  api=4 insize=1478 outsize=16105 ok=1
Cmd: compileComputeKernel
  api=18 insize=1505 outsize=5649 ok=1
Cmd: compileComputeKernel
  api=18 insize=16784 outsize=20605 ok=1
Cmd: compileComputeKernel
  api=18 insize=16784 outsize=26373 ok=1
Cmd: compileComputeKernel
  api=18 insize=16784 outsize=22073 ok=1
Cmd: compileComputeKernel
  api=18 insize=16784 outsize=27841 ok=1
Cmd: compileComputeKernel
  api=18 insize=16784 outsize=26313 ok=1
Cmd: compileComputeKernel
  api=18 insize=16784 outsize=33689 ok=1
Cmd: compileComputeKernel
  api=18 insize=16784 outsize=28205 ok=1
Cmd: compileComputeKernel
  api=18 insize=16784 outsize=33761 ok=1
Cmd: compileComputeKernel
  api=18 insize=16784 outsize=24065 ok=1
Cmd: compileComputeKernel
  api=18 insize=16784 outsize=25801 ok=1
Cmd: compileComputeKernel
  api=18 insize=16784 outsize=30193 ok=1
Cmd: compileComputeKernel
  api=18 insize=16784 outsize=25417 ok=1
Cmd: compileComputeKernel
  api=18 insize=16784 outsize=28373 ok=1
Cmd: compileComputeKernel
  api=18 insize=16784 outsize=34281 ok=1
Cmd: compileComputeKernel
  api=18 insize=16784 outsize=32825 ok=1
Cmd: compileComputeKernel
  api=18 insize=16784 outsize=40337 ok=1
Cmd: compileComputeKernel
  api=18 insize=16784 outsize=36489 ok=1
Cmd: compileComputeKernel
  api=18 insize=16784 outsize=42933 ok=1
Cmd: compileComputeKernel
  api=4 insize=16784 outsize=6505 ok=1
Cmd: compileComputeKernel
  api=4 insize=16784 outsize=5233 ok=1
Cmd: compileComputeKernel
  api=4 insize=16784 outsize=6313 ok=1
Cmd: compileComputeKernel
  api=4 insize=16784 outsize=7397 ok=1
Cmd: compileComputeKernel
  api=4 insize=16784 outsize=8469 ok=1
Cmd: compileComputeKernel
  api=4 insize=16784 outsize=6805 ok=1
Cmd: compileComputeKernel
  api=4 insize=16784 outsize=7789 ok=1
Cmd: compileComputeKernel
  api=4 insize=16784 outsize=9301 ok=1
Cmd: compileComputeKernel
  api=4 insize=16784 outsize=6877 ok=1
Cmd: compileComputeKernel
  api=4 insize=16784 outsize=7957 ok=1
Cmd: compileComputeKernel
  api=4 insize=16784 outsize=7069 ok=1
Cmd: compileComputeKernel
  api=4 insize=16784 outsize=8461 ok=1
Cmd: compileComputeKernel
  api=4 insize=16784 outsize=8501 ok=1
Cmd: compileComputeKernel
  api=4 insize=16784 outsize=10469 ok=1
Cmd: compileComputeKernel
  api=4 insize=16784 outsize=8805 ok=1
Cmd: compileComputeKernel
  api=4 insize=16784 outsize=10245 ok=1
